This file contains any messages produced by compilers while
running configure, to aid debugging if configure makes a mistake.

It was created by configure, which was
generated by GNU Autoconf 2.67.  Invocation command line was

  $ ./configure 

## --------- ##
## Platform. ##
## --------- ##

hostname = ubuntu
uname -m = i686
uname -r = 2.6.35-28-generic
uname -s = Linux
uname -v = #50-Ubuntu SMP Fri Mar 18 19:00:26 UTC 2011

/usr/bin/uname -p = unknown
/bin/uname -X     = unknown

/bin/arch              = unknown
/usr/bin/arch -k       = unknown
/usr/convex/getsysinfo = unknown
/usr/bin/hostinfo      = unknown
/bin/machine           = unknown
/usr/bin/oslevel       = unknown
/bin/universe          = unknown

PATH: /usr/local/sbin
PATH: /usr/local/bin
PATH: /usr/sbin
PATH: /usr/bin
PATH: /sbin
PATH: /bin
PATH: /usr/games
PATH: /home/artie/scripts
PATH: /home/artie/scripts


## ----------- ##
## Core tests. ##
## ----------- ##

configure:1792: checking for a BSD-compatible install
configure:1860: result: /usr/bin/install -c
configure:1871: checking whether build environment is sane
configure:1921: result: yes
configure:2062: checking for a thread-safe mkdir -p
configure:2101: result: /bin/mkdir -p
configure:2114: checking for gawk
configure:2144: result: no
configure:2114: checking for mawk
configure:2130: found /usr/bin/mawk
configure:2141: result: mawk
configure:2152: checking whether make sets $(MAKE)
configure:2174: result: yes
configure:2314: checking for g++
configure:2330: found /usr/bin/g++
configure:2341: result: g++
configure:2368: checking for C++ compiler version
configure:2377: g++ --version >&5
g++ (Ubuntu/Linaro 4.4.4-14ubuntu5) 4.4.5
Copyright (C) 2010 Free Software Foundation, Inc.
This is free software; see the source for copying conditions.  There is NO
warranty; not even for MERCHANTABILITY or FITNESS FOR A PARTICULAR PURPOSE.

configure:2388: $? = 0
configure:2377: g++ -v >&5
Using built-in specs.
Target: i686-linux-gnu
Configured with: ../src/configure -v --with-pkgversion='Ubuntu/Linaro 4.4.4-14ubuntu5' --with-bugurl=file:///usr/share/doc/gcc-4.4/README.Bugs --enable-languages=c,c++,fortran,objc,obj-c++ --prefix=/usr --program-suffix=-4.4 --enable-shared --enable-multiarch --enable-linker-build-id --with-system-zlib --libexecdir=/usr/lib --without-included-gettext --enable-threads=posix --with-gxx-include-dir=/usr/include/c++/4.4 --libdir=/usr/lib --enable-nls --with-sysroot=/ --enable-clocale=gnu --enable-libstdcxx-debug --enable-objc-gc --enable-targets=all --disable-werror --with-arch-32=i686 --with-tune=generic --enable-checking=release --build=i686-linux-gnu --host=i686-linux-gnu --target=i686-linux-gnu
Thread model: posix
gcc version 4.4.5 (Ubuntu/Linaro 4.4.4-14ubuntu5) 
configure:2388: $? = 0
configure:2377: g++ -V >&5
g++: '-V' option must have argument
configure:2388: $? = 1
configure:2377: g++ -qversion >&5
g++: unrecognized option '-qversion'
g++: no input files
configure:2388: $? = 1
configure:2408: checking whether the C++ compiler works
configure:2430: g++    conftest.cpp  >&5
configure:2434: $? = 0
configure:2482: result: yes
configure:2485: checking for C++ compiler default output file name
configure:2487: result: a.out
configure:2493: checking for suffix of executables
configure:2500: g++ -o conftest    conftest.cpp  >&5
configure:2504: $? = 0
configure:2526: result: 
configure:2548: checking whether we are cross compiling
configure:2556: g++ -o conftest    conftest.cpp  >&5
configure:2560: $? = 0
configure:2567: ./conftest
configure:2571: $? = 0
configure:2586: result: no
configure:2591: checking for suffix of object files
configure:2613: g++ -c   conftest.cpp >&5
configure:2617: $? = 0
configure:2638: result: o
configure:2642: checking whether we are using the GNU C++ compiler
configure:2661: g++ -c   conftest.cpp >&5
configure:2661: $? = 0
configure:2670: result: yes
configure:2679: checking whether g++ accepts -g
configure:2699: g++ -c -g  conftest.cpp >&5
configure:2699: $? = 0
configure:2740: result: yes
configure:2774: checking for style of include used by make
configure:2802: result: GNU
configure:2827: checking dependency style of g++
configure:2937: result: gcc3
configure:3076: creating ./config.status

## ---------------------- ##
## Running config.status. ##
## ---------------------- ##

This file was extended by config.status, which was
generated by GNU Autoconf 2.67.  Invocation command line was

  CONFIG_FILES    = 
  CONFIG_HEADERS  = 
  CONFIG_LINKS    = 
  CONFIG_COMMANDS = 
  $ ./config.status 

on ubuntu

config.status:844: creating Makefile
config.status:844: creating config.h
config.status:1072: executing depfiles commands
config.status:1072: executing default commands

## ---------------- ##
## Cache variables. ##
## ---------------- ##

ac_cv_cxx_compiler_gnu=yes
ac_cv_env_CCC_set=
ac_cv_env_CCC_value=
ac_cv_env_CPPFLAGS_set=
ac_cv_env_CPPFLAGS_value=
ac_cv_env_CXXFLAGS_set=
ac_cv_env_CXXFLAGS_value=
ac_cv_env_CXX_set=
ac_cv_env_CXX_value=
ac_cv_env_LDFLAGS_set=
ac_cv_env_LDFLAGS_value=
ac_cv_env_LIBS_set=
ac_cv_env_LIBS_value=
ac_cv_env_build_alias_set=
ac_cv_env_build_alias_value=
ac_cv_env_host_alias_set=
ac_cv_env_host_alias_value=
ac_cv_env_target_alias_set=
ac_cv_env_target_alias_value=
ac_cv_objext=o
ac_cv_path_install='/usr/bin/install -c'
ac_cv_path_mkdir=/bin/mkdir
ac_cv_prog_AWK=mawk
ac_cv_prog_ac_ct_CXX=g++
ac_cv_prog_cxx_g=yes
ac_cv_prog_make_make_set=yes
am_cv_CXX_dependencies_compiler_type=gcc3

## ----------------- ##
## Output variables. ##
## ----------------- ##

ACLOCAL='${SHELL} /home/artie/Documents/cppJavascript/cpp/2project/missing --run aclocal-1.11'
AMDEPBACKSLASH='\'
AMDEP_FALSE='#'
AMDEP_TRUE=''
AMTAR='${SHELL} /home/artie/Documents/cppJavascript/cpp/2project/missing --run tar'
AUTOCONF='${SHELL} /home/artie/Documents/cppJavascript/cpp/2project/missing --run autoconf'
AUTOHEADER='${SHELL} /home/artie/Documents/cppJavascript/cpp/2project/missing --run autoheader'
AUTOMAKE='${SHELL} /home/artie/Documents/cppJavascript/cpp/2project/missing --run automake-1.11'
AWK='mawk'
CPPFLAGS=''
CXX='g++'
CXXDEPMODE='depmode=gcc3'
CXXFLAGS='-g -O2'
CYGPATH_W='echo'
DEFS='-DHAVE_CONFIG_H'
DEPDIR='.deps'
ECHO_C=''
ECHO_N='-n'
ECHO_T=''
EXEEXT=''
INSTALL_DATA='${INSTALL} -m 644'
INSTALL_PROGRAM='${INSTALL}'
INSTALL_SCRIPT='${INSTALL}'
INSTALL_STRIP_PROGRAM='$(install_sh) -c -s'
LDFLAGS=''
LIBOBJS=''
LIBS=''
LTLIBOBJS=''
MAKEINFO='${SHELL} /home/artie/Documents/cppJavascript/cpp/2project/missing --run makeinfo'
MKDIR_P='/bin/mkdir -p'
OBJEXT='o'
PACKAGE='project2'
PACKAGE_BUGREPORT=''
PACKAGE_NAME=''
PACKAGE_STRING=''
PACKAGE_TARNAME=''
PACKAGE_URL=''
PACKAGE_VERSION=''
PATH_SEPARATOR=':'
SET_MAKE=''
SHELL='/bin/bash'
STRIP=''
VERSION='1.0'
ac_ct_CXX='g++'
am__EXEEXT_FALSE=''
am__EXEEXT_TRUE='#'
am__fastdepCXX_FALSE='#'
am__fastdepCXX_TRUE=''
am__include='include'
am__isrc=''
am__leading_dot='.'
am__quote=''
am__tar='${AMTAR} chof - "$$tardir"'
am__untar='${AMTAR} xf -'
bindir='${exec_prefix}/bin'
build_alias=''
datadir='${datarootdir}'
datarootdir='${prefix}/share'
docdir='${datarootdir}/doc/${PACKAGE}'
dvidir='${docdir}'
exec_prefix='${prefix}'
host_alias=''
htmldir='${docdir}'
includedir='${prefix}/include'
infodir='${datarootdir}/info'
install_sh='${SHELL} /home/artie/Documents/cppJavascript/cpp/2project/install-sh'
libdir='${exec_prefix}/lib'
libexecdir='${exec_prefix}/libexec'
localedir='${datarootdir}/locale'
localstatedir='${prefix}/var'
mandir='${datarootdir}/man'
mkdir_p='/bin/mkdir -p'
oldincludedir='/usr/include'
pdfdir='${docdir}'
prefix='/usr/local'
program_transform_name='s,x,x,'
psdir='${docdir}'
sbindir='${exec_prefix}/sbin'
sharedstatedir='${prefix}/com'
sysconfdir='${prefix}/etc'
target_alias=''

## ----------- ##
## confdefs.h. ##
## ----------- ##

/* confdefs.h */
#define PACKAGE_NAME ""
#define PACKAGE_TARNAME ""
#define PACKAGE_VERSION ""
#define PACKAGE_STRING ""
#define PACKAGE_BUGREPORT ""
#define PACKAGE_URL ""
#define PACKAGE "project2"
#define VERSION "1.0"

configure: exit 0
